<?xml version="1.0" encoding="UTF-8"?>
<!-- Generated by org.testng.reporters.JUnitReportReporter -->
<testsuite skipped="0" hostname="SHWETA" name="com.firmex.tests.FirmexLoginPageTest" tests="3" failures="0" timestamp="22 Jul 2020 18:31:14 GMT" time="86.736" errors="0">
  <testcase name="verifyfirmexLoginPageTest" time="25.750" classname="com.firmex.tests.FirmexLoginPageTest"/>
  <testcase name="verifyloginwithInvalidEmail" time="31.801" classname="com.firmex.tests.FirmexLoginPageTest"/>
  <testcase name="verifyloginwithInvalidPassword" time="29.185" classname="com.firmex.tests.FirmexLoginPageTest"/>
</testsuite> <!-- com.firmex.tests.FirmexLoginPageTest -->
