<?xml version="1.0" encoding="UTF-8"?>
<!-- Generated by org.testng.reporters.JUnitReportReporter -->
<testsuite skipped="0" hostname="SHWETA" name="com.firmex.API.LoginAPITest" tests="1" failures="0" timestamp="23 Jul 2020 18:46:51 GMT" time="5.425" errors="0">
  <testcase name="firmexLogin" time="5.425" classname="com.firmex.API.LoginAPITest"/>
</testsuite> <!-- com.firmex.API.LoginAPITest -->
