<?xml version="1.0" encoding="UTF-8"?>
<!-- Generated by org.testng.reporters.JUnitReportReporter -->
<testsuite skipped="0" hostname="SHWETA" name="com.firmex.tests.FirmexHomePageTest" tests="2" failures="0" timestamp="22 Jul 2020 18:31:14 GMT" time="55.000" errors="0">
  <testcase name="verifyfirmexHomePageTest" time="26.170" classname="com.firmex.tests.FirmexHomePageTest"/>
  <testcase name="clickonloginBtnTest" time="28.830" classname="com.firmex.tests.FirmexHomePageTest"/>
</testsuite> <!-- com.firmex.tests.FirmexHomePageTest -->
