<?xml version="1.0" encoding="UTF-8"?>
<!-- Generated by org.testng.reporters.JUnitReportReporter -->
<testsuite skipped="0" hostname="SHWETA" name="com.firmex.tests.FirmexHomePageTest" tests="2" failures="0" timestamp="23 Jul 2020 18:46:51 GMT" time="50.725" errors="0">
  <testcase name="verifyfirmexHomePageTest" time="25.813" classname="com.firmex.tests.FirmexHomePageTest"/>
  <testcase name="clickonloginBtnTest" time="24.912" classname="com.firmex.tests.FirmexHomePageTest"/>
</testsuite> <!-- com.firmex.tests.FirmexHomePageTest -->
