<?xml version="1.0" encoding="UTF-8"?>
<!-- Generated by org.testng.reporters.JUnitReportReporter -->
<testsuite skipped="0" hostname="SHWETA" name="com.firmex.API.LoginAPI" tests="1" failures="0" timestamp="22 Jul 2020 17:58:33 GMT" time="3.407" errors="0">
  <testcase name="firmexLogin" time="3.407" classname="com.firmex.API.LoginAPI"/>
</testsuite> <!-- com.firmex.API.LoginAPI -->
