<?xml version="1.0" encoding="UTF-8"?>
<!-- Generated by org.testng.reporters.JUnitReportReporter -->
<testsuite skipped="0" hostname="SHWETA" name="com.firmex.tests.HomePageTest" tests="3" failures="0" timestamp="21 Jul 2020 06:24:31 GMT" time="28.882" errors="0">
  <testcase name="homePageTitleTest" time="10.018" classname="com.firmex.tests.HomePageTest"/>
  <testcase name="firmexhomepageLogoTest" time="9.711" classname="com.firmex.tests.HomePageTest"/>
  <testcase name="loginBtnPresentTest" time="9.153" classname="com.firmex.tests.HomePageTest"/>
</testsuite> <!-- com.firmex.tests.HomePageTest -->
