<?xml version="1.0" encoding="UTF-8"?>
<!-- Generated by org.testng.reporters.JUnitReportReporter -->
<testsuite skipped="0" hostname="SHWETA" name="com.firmex.tests.FirmexLoginPageTest" tests="3" failures="0" timestamp="23 Jul 2020 18:46:51 GMT" time="94.456" errors="0">
  <testcase name="verifyfirmexLoginPageTest" time="30.449" classname="com.firmex.tests.FirmexLoginPageTest"/>
  <testcase name="verifyloginwithInvalidEmail" time="30.442" classname="com.firmex.tests.FirmexLoginPageTest"/>
  <testcase name="verifyloginwithInvalidPassword" time="33.565" classname="com.firmex.tests.FirmexLoginPageTest"/>
</testsuite> <!-- com.firmex.tests.FirmexLoginPageTest -->
